This file contains any messages produced by compilers while
running configure, to aid debugging if configure makes a mistake.

It was created by insight configure 0.1, which was
generated by GNU Autoconf 2.69.  Invocation command line was

  $ ./configure 

## --------- ##
## Platform. ##
## --------- ##

hostname = darksagan.psc.edu
uname -m = x86_64
uname -r = 3.18.0web10g+
uname -s = Linux
uname -v = #1 SMP Wed Jun 3 16:28:46 EDT 2015

/usr/bin/uname -p = x86_64
/bin/uname -X     = unknown

/bin/arch              = x86_64
/usr/bin/arch -k       = unknown
/usr/convex/getsysinfo = unknown
/usr/bin/hostinfo      = unknown
/bin/machine           = unknown
/usr/bin/oslevel       = unknown
/bin/universe          = unknown

PATH: /usr/lib64/qt-3.3/bin
PATH: /usr/local/bin
PATH: /usr/bin
PATH: /usr/local/sbin
PATH: /usr/sbin
PATH: /home/rapier/.local/bin
PATH: /home/rapier/bin


## ----------- ##
## Core tests. ##
## ----------- ##

configure:2300: checking for a BSD-compatible install
configure:2368: result: /usr/bin/install -c
configure:2379: checking whether build environment is sane
configure:2434: result: yes
configure:2585: checking for a thread-safe mkdir -p
configure:2624: result: /usr/bin/mkdir -p
configure:2631: checking for gawk
configure:2647: found /usr/bin/gawk
configure:2658: result: gawk
configure:2669: checking whether make sets $(MAKE)
configure:2691: result: yes
configure:2720: checking whether make supports nested variables
configure:2737: result: yes
configure:2876: checking for gcc
configure:2892: found /usr/bin/gcc
configure:2903: result: gcc
configure:3132: checking for C compiler version
configure:3141: gcc --version >&5
gcc (GCC) 4.8.3 20140911 (Red Hat 4.8.3-7)
Copyright (C) 2013 Free Software Foundation, Inc.
This is free software; see the source for copying conditions.  There is NO
warranty; not even for MERCHANTABILITY or FITNESS FOR A PARTICULAR PURPOSE.

configure:3152: $? = 0
configure:3141: gcc -v >&5
Using built-in specs.
COLLECT_GCC=gcc
COLLECT_LTO_WRAPPER=/usr/libexec/gcc/x86_64-redhat-linux/4.8.3/lto-wrapper
Target: x86_64-redhat-linux
Configured with: ../configure --prefix=/usr --mandir=/usr/share/man --infodir=/usr/share/info --with-bugurl=http://bugzilla.redhat.com/bugzilla --enable-bootstrap --enable-shared --enable-threads=posix --enable-checking=release --with-system-zlib --enable-__cxa_atexit --disable-libunwind-exceptions --enable-gnu-unique-object --enable-linker-build-id --with-linker-hash-style=gnu --enable-languages=c,c++,objc,obj-c++,java,fortran,ada,go,lto --enable-plugin --enable-initfini-array --enable-java-awt=gtk --disable-dssi --with-java-home=/usr/lib/jvm/java-1.5.0-gcj-1.5.0.0/jre --enable-libgcj-multifile --enable-java-maintainer-mode --with-ecj-jar=/usr/share/java/eclipse-ecj.jar --disable-libjava-multilib --with-isl=/builddir/build/BUILD/gcc-4.8.3-20140911/obj-x86_64-redhat-linux/isl-install --with-cloog=/builddir/build/BUILD/gcc-4.8.3-20140911/obj-x86_64-redhat-linux/cloog-install --with-tune=generic --with-arch_32=i686 --build=x86_64-redhat-linux
Thread model: posix
gcc version 4.8.3 20140911 (Red Hat 4.8.3-7) (GCC) 
configure:3152: $? = 0
configure:3141: gcc -V >&5
gcc: error: unrecognized command line option '-V'
gcc: fatal error: no input files
compilation terminated.
configure:3152: $? = 4
configure:3141: gcc -qversion >&5
gcc: error: unrecognized command line option '-qversion'
gcc: fatal error: no input files
compilation terminated.
configure:3152: $? = 4
configure:3172: checking whether the C compiler works
configure:3194: gcc    conftest.c  >&5
configure:3198: $? = 0
configure:3246: result: yes
configure:3249: checking for C compiler default output file name
configure:3251: result: a.out
configure:3257: checking for suffix of executables
configure:3264: gcc -o conftest    conftest.c  >&5
configure:3268: $? = 0
configure:3290: result: 
configure:3312: checking whether we are cross compiling
configure:3320: gcc -o conftest    conftest.c  >&5
configure:3324: $? = 0
configure:3331: ./conftest
configure:3335: $? = 0
configure:3350: result: no
configure:3355: checking for suffix of object files
configure:3377: gcc -c   conftest.c >&5
configure:3381: $? = 0
configure:3402: result: o
configure:3406: checking whether we are using the GNU C compiler
configure:3425: gcc -c   conftest.c >&5
configure:3425: $? = 0
configure:3434: result: yes
configure:3443: checking whether gcc accepts -g
configure:3463: gcc -c -g  conftest.c >&5
configure:3463: $? = 0
configure:3504: result: yes
configure:3521: checking for gcc option to accept ISO C89
configure:3584: gcc  -c -g -O2  conftest.c >&5
configure:3584: $? = 0
configure:3597: result: none needed
configure:3628: checking for style of include used by make
configure:3656: result: GNU
configure:3682: checking dependency style of gcc
configure:3793: result: gcc3
configure:3811: checking for library containing json_tokener_parse_ex
configure:3842: gcc -o conftest -g -O2   conftest.c  >&5
/tmp/ccFpDDHc.o: In function `main':
/home/rapier/xsight/newcode/conftest.c:22: undefined reference to `json_tokener_parse_ex'
collect2: error: ld returned 1 exit status
configure:3842: $? = 1
configure: failed program was:
| /* confdefs.h */
| #define PACKAGE_NAME "insight"
| #define PACKAGE_TARNAME "insight"
| #define PACKAGE_VERSION "0.1"
| #define PACKAGE_STRING "insight 0.1"
| #define PACKAGE_BUGREPORT "rapier@psc.edu"
| #define PACKAGE_URL ""
| #define PACKAGE "insight"
| #define VERSION "0.1"
| /* end confdefs.h.  */
| 
| /* Override any GCC internal prototype to avoid an error.
|    Use char because int might match the return type of a GCC
|    builtin and then its argument prototype would still apply.  */
| #ifdef __cplusplus
| extern "C"
| #endif
| char json_tokener_parse_ex ();
| int
| main ()
| {
| return json_tokener_parse_ex ();
|   ;
|   return 0;
| }
configure:3842: gcc -o conftest -g -O2   conftest.c -ljson-c   >&5
configure:3842: $? = 0
configure:3859: result: -ljson-c
configure:3871: checking for json_tokener_parse_ex in -ljson-c
configure:3896: gcc -o conftest -g -O2   conftest.c -ljson-c  -ljson-c  >&5
configure:3896: $? = 0
configure:3905: result: yes
configure:3919: checking for json_tokener_parse_ex in -ljson
configure:3944: gcc -o conftest -g -O2   conftest.c -ljson  -ljson-c  >&5
configure:3944: $? = 0
configure:3953: result: yes
configure:3980: checking how to run the C preprocessor
configure:4011: gcc -E  conftest.c
configure:4011: $? = 0
configure:4025: gcc -E  conftest.c
conftest.c:12:28: fatal error: ac_nonexistent.h: No such file or directory
 #include <ac_nonexistent.h>
                            ^
compilation terminated.
configure:4025: $? = 1
configure: failed program was:
| /* confdefs.h */
| #define PACKAGE_NAME "insight"
| #define PACKAGE_TARNAME "insight"
| #define PACKAGE_VERSION "0.1"
| #define PACKAGE_STRING "insight 0.1"
| #define PACKAGE_BUGREPORT "rapier@psc.edu"
| #define PACKAGE_URL ""
| #define PACKAGE "insight"
| #define VERSION "0.1"
| #define HAVE_LIBJSONC 1
| /* end confdefs.h.  */
| #include <ac_nonexistent.h>
configure:4050: result: gcc -E
configure:4070: gcc -E  conftest.c
configure:4070: $? = 0
configure:4084: gcc -E  conftest.c
conftest.c:12:28: fatal error: ac_nonexistent.h: No such file or directory
 #include <ac_nonexistent.h>
                            ^
compilation terminated.
configure:4084: $? = 1
configure: failed program was:
| /* confdefs.h */
| #define PACKAGE_NAME "insight"
| #define PACKAGE_TARNAME "insight"
| #define PACKAGE_VERSION "0.1"
| #define PACKAGE_STRING "insight 0.1"
| #define PACKAGE_BUGREPORT "rapier@psc.edu"
| #define PACKAGE_URL ""
| #define PACKAGE "insight"
| #define VERSION "0.1"
| #define HAVE_LIBJSONC 1
| /* end confdefs.h.  */
| #include <ac_nonexistent.h>
configure:4113: checking for grep that handles long lines and -e
configure:4171: result: /usr/bin/grep
configure:4176: checking for egrep
configure:4238: result: /usr/bin/grep -E
configure:4243: checking for ANSI C header files
configure:4263: gcc -c -g -O2  conftest.c >&5
configure:4263: $? = 0
configure:4336: gcc -o conftest -g -O2   conftest.c -ljson-c  >&5
configure:4336: $? = 0
configure:4336: ./conftest
configure:4336: $? = 0
configure:4347: result: yes
configure:4360: checking for sys/types.h
configure:4360: gcc -c -g -O2  conftest.c >&5
configure:4360: $? = 0
configure:4360: result: yes
configure:4360: checking for sys/stat.h
configure:4360: gcc -c -g -O2  conftest.c >&5
configure:4360: $? = 0
configure:4360: result: yes
configure:4360: checking for stdlib.h
configure:4360: gcc -c -g -O2  conftest.c >&5
configure:4360: $? = 0
configure:4360: result: yes
configure:4360: checking for string.h
configure:4360: gcc -c -g -O2  conftest.c >&5
configure:4360: $? = 0
configure:4360: result: yes
configure:4360: checking for memory.h
configure:4360: gcc -c -g -O2  conftest.c >&5
configure:4360: $? = 0
configure:4360: result: yes
configure:4360: checking for strings.h
configure:4360: gcc -c -g -O2  conftest.c >&5
configure:4360: $? = 0
configure:4360: result: yes
configure:4360: checking for inttypes.h
configure:4360: gcc -c -g -O2  conftest.c >&5
configure:4360: $? = 0
configure:4360: result: yes
configure:4360: checking for stdint.h
configure:4360: gcc -c -g -O2  conftest.c >&5
configure:4360: $? = 0
configure:4360: result: yes
configure:4360: checking for unistd.h
configure:4360: gcc -c -g -O2  conftest.c >&5
configure:4360: $? = 0
configure:4360: result: yes
configure:4375: checking arpa/inet.h usability
configure:4375: gcc -c -g -O2  conftest.c >&5
configure:4375: $? = 0
configure:4375: result: yes
configure:4375: checking arpa/inet.h presence
configure:4375: gcc -E  conftest.c
configure:4375: $? = 0
configure:4375: result: yes
configure:4375: checking for arpa/inet.h
configure:4375: result: yes
configure:4375: checking for inttypes.h
configure:4375: result: yes
configure:4375: checking netinet/in.h usability
configure:4375: gcc -c -g -O2  conftest.c >&5
configure:4375: $? = 0
configure:4375: result: yes
configure:4375: checking netinet/in.h presence
configure:4375: gcc -E  conftest.c
configure:4375: $? = 0
configure:4375: result: yes
configure:4375: checking for netinet/in.h
configure:4375: result: yes
configure:4375: checking stddef.h usability
configure:4375: gcc -c -g -O2  conftest.c >&5
configure:4375: $? = 0
configure:4375: result: yes
configure:4375: checking stddef.h presence
configure:4375: gcc -E  conftest.c
configure:4375: $? = 0
configure:4375: result: yes
configure:4375: checking for stddef.h
configure:4375: result: yes
configure:4375: checking for stdint.h
configure:4375: result: yes
configure:4375: checking for stdlib.h
configure:4375: result: yes
configure:4375: checking for string.h
configure:4375: result: yes
configure:4375: checking sys/param.h usability
configure:4375: gcc -c -g -O2  conftest.c >&5
configure:4375: $? = 0
configure:4375: result: yes
configure:4375: checking sys/param.h presence
configure:4375: gcc -E  conftest.c
configure:4375: $? = 0
configure:4375: result: yes
configure:4375: checking for sys/param.h
configure:4375: result: yes
configure:4375: checking sys/socket.h usability
configure:4375: gcc -c -g -O2  conftest.c >&5
configure:4375: $? = 0
configure:4375: result: yes
configure:4375: checking sys/socket.h presence
configure:4375: gcc -E  conftest.c
configure:4375: $? = 0
configure:4375: result: yes
configure:4375: checking for sys/socket.h
configure:4375: result: yes
configure:4375: checking for unistd.h
configure:4375: result: yes
configure:4387: checking for size_t
configure:4387: gcc -c -g -O2  conftest.c >&5
configure:4387: $? = 0
configure:4387: gcc -c -g -O2  conftest.c >&5
conftest.c: In function 'main':
conftest.c:68:21: error: expected expression before ')' token
 if (sizeof ((size_t)))
                     ^
configure:4387: $? = 1
configure: failed program was:
| /* confdefs.h */
| #define PACKAGE_NAME "insight"
| #define PACKAGE_TARNAME "insight"
| #define PACKAGE_VERSION "0.1"
| #define PACKAGE_STRING "insight 0.1"
| #define PACKAGE_BUGREPORT "rapier@psc.edu"
| #define PACKAGE_URL ""
| #define PACKAGE "insight"
| #define VERSION "0.1"
| #define HAVE_LIBJSONC 1
| #define STDC_HEADERS 1
| #define HAVE_SYS_TYPES_H 1
| #define HAVE_SYS_STAT_H 1
| #define HAVE_STDLIB_H 1
| #define HAVE_STRING_H 1
| #define HAVE_MEMORY_H 1
| #define HAVE_STRINGS_H 1
| #define HAVE_INTTYPES_H 1
| #define HAVE_STDINT_H 1
| #define HAVE_UNISTD_H 1
| #define HAVE_ARPA_INET_H 1
| #define HAVE_INTTYPES_H 1
| #define HAVE_NETINET_IN_H 1
| #define HAVE_STDDEF_H 1
| #define HAVE_STDINT_H 1
| #define HAVE_STDLIB_H 1
| #define HAVE_STRING_H 1
| #define HAVE_SYS_PARAM_H 1
| #define HAVE_SYS_SOCKET_H 1
| #define HAVE_UNISTD_H 1
| /* end confdefs.h.  */
| #include <stdio.h>
| #ifdef HAVE_SYS_TYPES_H
| # include <sys/types.h>
| #endif
| #ifdef HAVE_SYS_STAT_H
| # include <sys/stat.h>
| #endif
| #ifdef STDC_HEADERS
| # include <stdlib.h>
| # include <stddef.h>
| #else
| # ifdef HAVE_STDLIB_H
| #  include <stdlib.h>
| # endif
| #endif
| #ifdef HAVE_STRING_H
| # if !defined STDC_HEADERS && defined HAVE_MEMORY_H
| #  include <memory.h>
| # endif
| # include <string.h>
| #endif
| #ifdef HAVE_STRINGS_H
| # include <strings.h>
| #endif
| #ifdef HAVE_INTTYPES_H
| # include <inttypes.h>
| #endif
| #ifdef HAVE_STDINT_H
| # include <stdint.h>
| #endif
| #ifdef HAVE_UNISTD_H
| # include <unistd.h>
| #endif
| int
| main ()
| {
| if (sizeof ((size_t)))
| 	    return 0;
|   ;
|   return 0;
| }
configure:4387: result: yes
configure:4398: checking for uid_t in sys/types.h
configure:4417: result: yes
configure:4428: checking for uint16_t
configure:4428: gcc -c -g -O2  conftest.c >&5
configure:4428: $? = 0
configure:4428: result: yes
configure:4440: checking for uint32_t
configure:4440: gcc -c -g -O2  conftest.c >&5
configure:4440: $? = 0
configure:4440: result: yes
configure:4454: checking for uint64_t
configure:4454: gcc -c -g -O2  conftest.c >&5
configure:4454: $? = 0
configure:4454: result: yes
configure:4468: checking for uint8_t
configure:4468: gcc -c -g -O2  conftest.c >&5
configure:4468: $? = 0
configure:4468: result: yes
configure:4482: checking for ptrdiff_t
configure:4482: gcc -c -g -O2  conftest.c >&5
configure:4482: $? = 0
configure:4482: gcc -c -g -O2  conftest.c >&5
conftest.c: In function 'main':
conftest.c:68:24: error: expected expression before ')' token
 if (sizeof ((ptrdiff_t)))
                        ^
configure:4482: $? = 1
configure: failed program was:
| /* confdefs.h */
| #define PACKAGE_NAME "insight"
| #define PACKAGE_TARNAME "insight"
| #define PACKAGE_VERSION "0.1"
| #define PACKAGE_STRING "insight 0.1"
| #define PACKAGE_BUGREPORT "rapier@psc.edu"
| #define PACKAGE_URL ""
| #define PACKAGE "insight"
| #define VERSION "0.1"
| #define HAVE_LIBJSONC 1
| #define STDC_HEADERS 1
| #define HAVE_SYS_TYPES_H 1
| #define HAVE_SYS_STAT_H 1
| #define HAVE_STDLIB_H 1
| #define HAVE_STRING_H 1
| #define HAVE_MEMORY_H 1
| #define HAVE_STRINGS_H 1
| #define HAVE_INTTYPES_H 1
| #define HAVE_STDINT_H 1
| #define HAVE_UNISTD_H 1
| #define HAVE_ARPA_INET_H 1
| #define HAVE_INTTYPES_H 1
| #define HAVE_NETINET_IN_H 1
| #define HAVE_STDDEF_H 1
| #define HAVE_STDINT_H 1
| #define HAVE_STDLIB_H 1
| #define HAVE_STRING_H 1
| #define HAVE_SYS_PARAM_H 1
| #define HAVE_SYS_SOCKET_H 1
| #define HAVE_UNISTD_H 1
| /* end confdefs.h.  */
| #include <stdio.h>
| #ifdef HAVE_SYS_TYPES_H
| # include <sys/types.h>
| #endif
| #ifdef HAVE_SYS_STAT_H
| # include <sys/stat.h>
| #endif
| #ifdef STDC_HEADERS
| # include <stdlib.h>
| # include <stddef.h>
| #else
| # ifdef HAVE_STDLIB_H
| #  include <stdlib.h>
| # endif
| #endif
| #ifdef HAVE_STRING_H
| # if !defined STDC_HEADERS && defined HAVE_MEMORY_H
| #  include <memory.h>
| # endif
| # include <string.h>
| #endif
| #ifdef HAVE_STRINGS_H
| # include <strings.h>
| #endif
| #ifdef HAVE_INTTYPES_H
| # include <inttypes.h>
| #endif
| #ifdef HAVE_STDINT_H
| # include <stdint.h>
| #endif
| #ifdef HAVE_UNISTD_H
| # include <unistd.h>
| #endif
| int
| main ()
| {
| if (sizeof ((ptrdiff_t)))
| 	    return 0;
|   ;
|   return 0;
| }
configure:4482: result: yes
configure:4496: checking for stdlib.h
configure:4496: result: yes
configure:4506: checking for GNU libc compatible malloc
configure:4530: gcc -o conftest -g -O2   conftest.c -ljson-c  >&5
configure:4530: $? = 0
configure:4530: ./conftest
configure:4530: $? = 0
configure:4540: result: yes
configure:4564: checking for memmove
configure:4564: gcc -o conftest -g -O2   conftest.c -ljson-c  >&5
conftest.c:58:6: warning: conflicting types for built-in function 'memmove' [enabled by default]
 char memmove ();
      ^
configure:4564: $? = 0
configure:4564: result: yes
configure:4564: checking for memset
configure:4564: gcc -o conftest -g -O2   conftest.c -ljson-c  >&5
conftest.c:59:6: warning: conflicting types for built-in function 'memset' [enabled by default]
 char memset ();
      ^
configure:4564: $? = 0
configure:4564: result: yes
configure:4564: checking for strchr
configure:4564: gcc -o conftest -g -O2   conftest.c -ljson-c  >&5
conftest.c:60:6: warning: conflicting types for built-in function 'strchr' [enabled by default]
 char strchr ();
      ^
configure:4564: $? = 0
configure:4564: result: yes
configure:4564: checking for strdup
configure:4564: gcc -o conftest -g -O2   conftest.c -ljson-c  >&5
conftest.c:61:6: warning: conflicting types for built-in function 'strdup' [enabled by default]
 char strdup ();
      ^
configure:4564: $? = 0
configure:4564: result: yes
configure:4564: checking for strstr
configure:4564: gcc -o conftest -g -O2   conftest.c -ljson-c  >&5
conftest.c:62:6: warning: conflicting types for built-in function 'strstr' [enabled by default]
 char strstr ();
      ^
configure:4564: $? = 0
configure:4564: result: yes
configure:4685: checking that generated files are newer than configure
configure:4691: result: done
configure:4722: creating ./config.status

## ---------------------- ##
## Running config.status. ##
## ---------------------- ##

This file was extended by insight config.status 0.1, which was
generated by GNU Autoconf 2.69.  Invocation command line was

  CONFIG_FILES    = 
  CONFIG_HEADERS  = 
  CONFIG_LINKS    = 
  CONFIG_COMMANDS = 
  $ ./config.status 

on darksagan.psc.edu

config.status:875: creating Makefile
config.status:875: creating config.h
config.status:1056: config.h is unchanged
config.status:1104: executing depfiles commands

## ---------------- ##
## Cache variables. ##
## ---------------- ##

ac_cv_c_compiler_gnu=yes
ac_cv_c_uint16_t=yes
ac_cv_c_uint32_t=yes
ac_cv_c_uint64_t=yes
ac_cv_c_uint8_t=yes
ac_cv_env_CC_set=
ac_cv_env_CC_value=
ac_cv_env_CFLAGS_set=
ac_cv_env_CFLAGS_value=
ac_cv_env_CPPFLAGS_set=
ac_cv_env_CPPFLAGS_value=
ac_cv_env_CPP_set=
ac_cv_env_CPP_value=
ac_cv_env_LDFLAGS_set=
ac_cv_env_LDFLAGS_value=
ac_cv_env_LIBS_set=
ac_cv_env_LIBS_value=
ac_cv_env_build_alias_set=
ac_cv_env_build_alias_value=
ac_cv_env_host_alias_set=
ac_cv_env_host_alias_value=
ac_cv_env_target_alias_set=
ac_cv_env_target_alias_value=
ac_cv_func_malloc_0_nonnull=yes
ac_cv_func_memmove=yes
ac_cv_func_memset=yes
ac_cv_func_strchr=yes
ac_cv_func_strdup=yes
ac_cv_func_strstr=yes
ac_cv_header_arpa_inet_h=yes
ac_cv_header_inttypes_h=yes
ac_cv_header_memory_h=yes
ac_cv_header_netinet_in_h=yes
ac_cv_header_stdc=yes
ac_cv_header_stddef_h=yes
ac_cv_header_stdint_h=yes
ac_cv_header_stdlib_h=yes
ac_cv_header_string_h=yes
ac_cv_header_strings_h=yes
ac_cv_header_sys_param_h=yes
ac_cv_header_sys_socket_h=yes
ac_cv_header_sys_stat_h=yes
ac_cv_header_sys_types_h=yes
ac_cv_header_unistd_h=yes
ac_cv_lib_json_c_json_tokener_parse_ex=yes
ac_cv_lib_json_json_tokener_parse_ex=yes
ac_cv_objext=o
ac_cv_path_EGREP='/usr/bin/grep -E'
ac_cv_path_GREP=/usr/bin/grep
ac_cv_path_install='/usr/bin/install -c'
ac_cv_path_mkdir=/usr/bin/mkdir
ac_cv_prog_AWK=gawk
ac_cv_prog_CPP='gcc -E'
ac_cv_prog_ac_ct_CC=gcc
ac_cv_prog_cc_c89=
ac_cv_prog_cc_g=yes
ac_cv_prog_make_make_set=yes
ac_cv_search_json_tokener_parse_ex=-ljson-c
ac_cv_type_ptrdiff_t=yes
ac_cv_type_size_t=yes
ac_cv_type_uid_t=yes
am_cv_CC_dependencies_compiler_type=gcc3
am_cv_make_support_nested_variables=yes

## ----------------- ##
## Output variables. ##
## ----------------- ##

ACLOCAL='${SHELL} /home/rapier/xsight/missing aclocal-1.13'
AMDEPBACKSLASH='\'
AMDEP_FALSE='#'
AMDEP_TRUE=''
AMTAR='$${TAR-tar}'
AM_BACKSLASH='\'
AM_DEFAULT_V='$(AM_DEFAULT_VERBOSITY)'
AM_DEFAULT_VERBOSITY='1'
AM_V='$(V)'
AUTOCONF='${SHELL} /home/rapier/xsight/missing autoconf'
AUTOHEADER='${SHELL} /home/rapier/xsight/missing autoheader'
AUTOMAKE='${SHELL} /home/rapier/xsight/missing automake-1.13'
AWK='gawk'
CC='gcc'
CCDEPMODE='depmode=gcc3'
CFLAGS='-g -O2'
CPP='gcc -E'
CPPFLAGS=''
CYGPATH_W='echo'
DEFS='-DHAVE_CONFIG_H'
DEPDIR='.deps'
ECHO_C=''
ECHO_N='-n'
ECHO_T=''
EGREP='/usr/bin/grep -E'
EXEEXT=''
GREP='/usr/bin/grep'
INSTALL_DATA='${INSTALL} -m 644'
INSTALL_PROGRAM='${INSTALL}'
INSTALL_SCRIPT='${INSTALL}'
INSTALL_STRIP_PROGRAM='$(install_sh) -c -s'
LDFLAGS=''
LIBOBJS=''
LIBS='-ljson-c '
LINK_LIBJSONC_FALSE='#'
LINK_LIBJSONC_TRUE=''
LINK_LIBJSON_FALSE='#'
LINK_LIBJSON_TRUE=''
LTLIBOBJS=''
MAKEINFO='${SHELL} /home/rapier/xsight/missing makeinfo'
MKDIR_P='/usr/bin/mkdir -p'
OBJEXT='o'
PACKAGE='insight'
PACKAGE_BUGREPORT='rapier@psc.edu'
PACKAGE_NAME='insight'
PACKAGE_STRING='insight 0.1'
PACKAGE_TARNAME='insight'
PACKAGE_URL=''
PACKAGE_VERSION='0.1'
PATH_SEPARATOR=':'
SET_MAKE=''
SHELL='/bin/sh'
STRIP=''
VERSION='0.1'
ac_ct_CC='gcc'
am__EXEEXT_FALSE=''
am__EXEEXT_TRUE='#'
am__fastdepCC_FALSE='#'
am__fastdepCC_TRUE=''
am__include='include'
am__isrc=''
am__leading_dot='.'
am__nodep='_no'
am__quote=''
am__tar='$${TAR-tar} chof - "$$tardir"'
am__untar='$${TAR-tar} xf -'
bindir='${exec_prefix}/bin'
build_alias=''
datadir='${datarootdir}'
datarootdir='${prefix}/share'
docdir='${datarootdir}/doc/${PACKAGE_TARNAME}'
dvidir='${docdir}'
exec_prefix='${prefix}'
host_alias=''
htmldir='${docdir}'
includedir='${prefix}/include'
infodir='${datarootdir}/info'
install_sh='${SHELL} /home/rapier/xsight/install-sh'
libdir='${exec_prefix}/lib'
libexecdir='${exec_prefix}/libexec'
localedir='${datarootdir}/locale'
localstatedir='${prefix}/var'
mandir='${datarootdir}/man'
mkdir_p='$(MKDIR_P)'
oldincludedir='/usr/include'
pdfdir='${docdir}'
prefix='/usr/local'
program_transform_name='s,x,x,'
psdir='${docdir}'
sbindir='${exec_prefix}/sbin'
sharedstatedir='${prefix}/com'
sysconfdir='${prefix}/etc'
target_alias=''

## ----------- ##
## confdefs.h. ##
## ----------- ##

/* confdefs.h */
#define PACKAGE_NAME "insight"
#define PACKAGE_TARNAME "insight"
#define PACKAGE_VERSION "0.1"
#define PACKAGE_STRING "insight 0.1"
#define PACKAGE_BUGREPORT "rapier@psc.edu"
#define PACKAGE_URL ""
#define PACKAGE "insight"
#define VERSION "0.1"
#define HAVE_LIBJSONC 1
#define STDC_HEADERS 1
#define HAVE_SYS_TYPES_H 1
#define HAVE_SYS_STAT_H 1
#define HAVE_STDLIB_H 1
#define HAVE_STRING_H 1
#define HAVE_MEMORY_H 1
#define HAVE_STRINGS_H 1
#define HAVE_INTTYPES_H 1
#define HAVE_STDINT_H 1
#define HAVE_UNISTD_H 1
#define HAVE_ARPA_INET_H 1
#define HAVE_INTTYPES_H 1
#define HAVE_NETINET_IN_H 1
#define HAVE_STDDEF_H 1
#define HAVE_STDINT_H 1
#define HAVE_STDLIB_H 1
#define HAVE_STRING_H 1
#define HAVE_SYS_PARAM_H 1
#define HAVE_SYS_SOCKET_H 1
#define HAVE_UNISTD_H 1
#define HAVE_PTRDIFF_T 1
#define HAVE_STDLIB_H 1
#define HAVE_MALLOC 1
#define HAVE_MEMMOVE 1
#define HAVE_MEMSET 1
#define HAVE_STRCHR 1
#define HAVE_STRDUP 1
#define HAVE_STRSTR 1

configure: exit 0
